2024-08-13 22:56:27,206 - root - INFO - Stop signal received (SIGINT). Exiting...
2024-08-13 22:56:30,481 - pyrogram.dispatcher - INFO - Stopped 12 HandlerTasks
2024-08-13 22:56:30,481 - pyrogram.session.session - INFO - PingTask stopped
2024-08-13 22:56:30,482 - pyrogram.connection.connection - INFO - Disconnected
2024-08-13 22:56:30,482 - pyrogram.session.session - INFO - NetworkTask stopped
2024-08-13 22:56:30,482 - pyrogram.session.session - INFO - Session stopped
2024-08-13 22:56:31,712 - __main__ - INFO - Starting the application...
2024-08-13 22:56:31,899 - pyrogram.connection.connection - INFO - Connecting...
2024-08-13 22:56:32,031 - pyrogram.connection.connection - INFO - Connected! Production DC2 - IPv4
2024-08-13 22:56:32,031 - pyrogram.session.session - INFO - NetworkTask started
2024-08-13 22:56:32,626 - pyrogram.session.session - INFO - Session initialized: Layer 158
2024-08-13 22:56:32,626 - pyrogram.session.session - INFO - Device: CPython 3.11.6 - Pyrogram 2.0.106
2024-08-13 22:56:32,626 - pyrogram.session.session - INFO - System: Linux 6.5.0-44-generic (en)
2024-08-13 22:56:32,626 - pyrogram.session.session - INFO - Session started
2024-08-13 22:56:32,628 - pyrogram.session.session - INFO - PingTask started
2024-08-13 22:56:33,078 - pyrogram.dispatcher - INFO - Started 12 HandlerTasks
2024-08-13 22:58:16,651 - root - INFO - Stop signal received (SIGINT). Exiting...
2024-08-13 22:58:17,713 - pyrogram.dispatcher - INFO - Stopped 12 HandlerTasks
2024-08-13 22:58:17,714 - pyrogram.session.session - INFO - PingTask stopped
2024-08-13 22:58:17,714 - pyrogram.connection.connection - INFO - Disconnected
2024-08-13 22:58:17,714 - pyrogram.session.session - INFO - NetworkTask stopped
2024-08-13 22:58:17,715 - pyrogram.session.session - INFO - Session stopped
2024-08-13 22:58:19,037 - __main__ - INFO - Starting the application...
2024-08-13 22:58:19,263 - pyrogram.connection.connection - INFO - Connecting...
2024-08-13 22:58:19,381 - pyrogram.connection.connection - INFO - Connected! Production DC2 - IPv4
2024-08-13 22:58:19,382 - pyrogram.session.session - INFO - NetworkTask started
2024-08-13 22:58:20,047 - pyrogram.session.session - INFO - Session initialized: Layer 158
2024-08-13 22:58:20,047 - pyrogram.session.session - INFO - Device: CPython 3.11.6 - Pyrogram 2.0.106
2024-08-13 22:58:20,047 - pyrogram.session.session - INFO - System: Linux 6.5.0-44-generic (en)
2024-08-13 22:58:20,047 - pyrogram.session.session - INFO - Session started
2024-08-13 22:58:20,049 - pyrogram.session.session - INFO - PingTask started
2024-08-13 22:58:20,573 - pyrogram.dispatcher - INFO - Started 12 HandlerTasks
2024-08-13 23:01:24,053 - root - INFO - Stop signal received (SIGINT). Exiting...
2024-08-13 23:01:25,220 - pyrogram.dispatcher - INFO - Stopped 12 HandlerTasks
2024-08-13 23:01:25,221 - pyrogram.session.session - INFO - PingTask stopped
2024-08-13 23:01:25,221 - pyrogram.connection.connection - INFO - Disconnected
2024-08-13 23:01:25,221 - pyrogram.session.session - INFO - NetworkTask stopped
2024-08-13 23:01:25,221 - pyrogram.session.session - INFO - Session stopped
2024-08-13 23:01:28,110 - __main__ - INFO - Starting the application...
2024-08-13 23:01:28,365 - pyrogram.connection.connection - INFO - Connecting...
2024-08-13 23:01:28,502 - pyrogram.connection.connection - INFO - Connected! Production DC2 - IPv4
2024-08-13 23:01:28,503 - pyrogram.session.session - INFO - NetworkTask started
2024-08-13 23:01:29,070 - pyrogram.session.session - INFO - Session initialized: Layer 158
2024-08-13 23:01:29,070 - pyrogram.session.session - INFO - Device: CPython 3.11.6 - Pyrogram 2.0.106
2024-08-13 23:01:29,070 - pyrogram.session.session - INFO - System: Linux 6.5.0-44-generic (en)
2024-08-13 23:01:29,070 - pyrogram.session.session - INFO - Session started
2024-08-13 23:01:29,072 - pyrogram.session.session - INFO - PingTask started
2024-08-13 23:01:29,505 - pyrogram.dispatcher - INFO - Started 12 HandlerTasks
2024-08-13 23:10:49,003 - root - INFO - Stop signal received (SIGINT). Exiting...
2024-08-13 23:10:49,540 - pyrogram.dispatcher - INFO - Stopped 12 HandlerTasks
2024-08-13 23:10:49,540 - pyrogram.session.session - INFO - PingTask stopped
2024-08-13 23:10:49,540 - pyrogram.connection.connection - INFO - Disconnected
2024-08-13 23:10:49,540 - pyrogram.session.session - INFO - NetworkTask stopped
2024-08-13 23:10:49,541 - pyrogram.session.session - INFO - Session stopped
